# JRE version: 7.0_25-b17
# Java VM: Java HotSpot(TM) Client VM (23.25-b01 mixed mode windows-x86 )
Heap
 def new generation   total 29056K, used 12015K [0x03c60000, 0x05be0000, 0x091b0000)
  eden space 25856K,  46% used [0x03c60000, 0x04816b68, 0x055a0000)
  from space 3200K,   0% used [0x058c0000, 0x058c5200, 0x05be0000)
  to   space 3200K,   0% used [0x055a0000, 0x055a0000, 0x058c0000)
 tenured generation   total 96448K, used 70661K [0x091b0000, 0x0efe0000, 0x13c60000)
   the space 96448K,  73% used [0x091b0000, 0x0d6b16f0, 0x0d6b1800, 0x0efe0000)
 compacting perm gen  total 12288K, used 6987K [0x13c60000, 0x14860000, 0x17c60000)
   the space 12288K,  56% used [0x13c60000, 0x14332f30, 0x14333000, 0x14860000)
GC Heap History (10 events):
Event: 1.531 GC heap before
{Heap before GC invocations=7 (full 1):
 def new generation   total 9664K, used 8682K [0x03c60000, 0x046d0000, 0x091b0000)
  eden space 8640K,  99% used [0x03c60000, 0x044cff28, 0x044d0000)
  from space 1024K,   4% used [0x045d0000, 0x045dab08, 0x046d0000)
  to   space 1024K,   0% used [0x044d0000, 0x044d0000, 0x045d0000)
 tenured generation   total 21340K, used 16769K [0x091b0000, 0x0a687000, 0x13c60000)
   the space 21340K,  78% used [0x091b0000, 0x0a210520, 0x0a210600, 0x0a687000)
 compacting perm gen  total 12288K, used 6700K [0x13c60000, 0x14860000, 0x17c60000)
   the space 12288K,  54% used [0x13c60000, 0x142eb008, 0x142eb200, 0x14860000)
No shared spaces configured.
Event: 1.557 GC heap after
Heap after GC invocations=8 (full 2):
 def new generation   total 17408K, used 0K [0x03c60000, 0x04f40000, 0x091b0000)
  eden space 15488K,   0% used [0x03c60000, 0x03c60000, 0x04b80000)
  from space 1920K,   0% used [0x04b80000, 0x04b80000, 0x04d60000)
  to   space 1920K,   0% used [0x04d60000, 0x04d60000, 0x04f40000)
 tenured generation   total 38504K, used 23100K [0x091b0000, 0x0b74a000, 0x13c60000)
   the space 38504K,  59% used [0x091b0000, 0x0a83f3d8, 0x0a83f400, 0x0b74a000)
 compacting perm gen  total 12288K, used 6700K [0x13c60000, 0x14860000, 0x17c60000)
   the space 12288K,  54% used [0x13c60000, 0x142eb008, 0x142eb200, 0x14860000)
No shared spaces configured.
}
Event: 1.694 GC heap before
{Heap before GC invocations=8 (full 2):
 def new generation   total 17408K, used 8917K [0x03c60000, 0x04f40000, 0x091b0000)
  eden space 15488K,  57% used [0x03c60000, 0x04515440, 0x04b80000)
  from space 1920K,   0% used [0x04b80000, 0x04b80000, 0x04d60000)
  to   space 1920K,   0% used [0x04d60000, 0x04d60000, 0x04f40000)
 tenured generation   total 38504K, used 23100K [0x091b0000, 0x0b74a000, 0x13c60000)
   the space 38504K,  59% used [0x091b0000, 0x0a83f3d8, 0x0a83f400, 0x0b74a000)
 compacting perm gen  total 12288K, used 6700K [0x13c60000, 0x14860000, 0x17c60000)
   the space 12288K,  54% used [0x13c60000, 0x142eb028, 0x142eb200, 0x14860000)
No shared spaces configured.
Event: 1.695 GC heap after
Heap after GC invocations=9 (full 2):
 def new generation   total 17408K, used 740K [0x03c60000, 0x04f40000, 0x091b0000)
  eden space 15488K,   0% used [0x03c60000, 0x03c60000, 0x04b80000)
  from space 1920K,  38% used [0x04d60000, 0x04e19358, 0x04f40000)
  to   space 1920K,   0% used [0x04b80000, 0x04b80000, 0x04d60000)
 tenured generation   total 38504K, used 24503K [0x091b0000, 0x0b74a000, 0x13c60000)
   the space 38504K,  63% used [0x091b0000, 0x0a99dde8, 0x0a99de00, 0x0b74a000)
 compacting perm gen  total 12288K, used 6700K [0x13c60000, 0x14860000, 0x17c60000)
   the space 12288K,  54% used [0x13c60000, 0x142eb028, 0x142eb200, 0x14860000)
No shared spaces configured.
}
Event: 1.748 GC heap before
{Heap before GC invocations=9 (full 2):
 def new generation   total 17408K, used 16228K [0x03c60000, 0x04f40000, 0x091b0000)
  eden space 15488K, 100% used [0x03c60000, 0x04b80000, 0x04b80000)
  from space 1920K,  38% used [0x04d60000, 0x04e19358, 0x04f40000)
  to   space 1920K,   0% used [0x04b80000, 0x04b80000, 0x04d60000)
 tenured generation   total 38504K, used 24503K [0x091b0000, 0x0b74a000, 0x13c60000)
   the space 38504K,  63% used [0x091b0000, 0x0a99dde8, 0x0a99de00, 0x0b74a000)
 compacting perm gen  total 12288K, used 6700K [0x13c60000, 0x14860000, 0x17c60000)
   the space 12288K,  54% used [0x13c60000, 0x142eb028, 0x142eb200, 0x14860000)
No shared spaces configured.
Event: 1.753 GC heap after
Heap after GC invocations=10 (full 2):
 def new generation   total 17408K, used 740K [0x03c60000, 0x04f40000, 0x091b0000)
  eden space 15488K,   0% used [0x03c60000, 0x03c60000, 0x04b80000)
  from space 1920K,  38% used [0x04b80000, 0x04c391b0, 0x04d60000)
  to   space 1920K,   0% used [0x04d60000, 0x04d60000, 0x04f40000)
 tenured generation   total 38504K, used 34853K [0x091b0000, 0x0b74a000, 0x13c60000)
   the space 38504K,  90% used [0x091b0000, 0x0b3b96f8, 0x0b3b9800, 0x0b74a000)
 compacting perm gen  total 12288K, used 6700K [0x13c60000, 0x14860000, 0x17c60000)
   the space 12288K,  54% used [0x13c60000, 0x142eb028, 0x142eb200, 0x14860000)
No shared spaces configured.
}
Event: 1.896 GC heap before
{Heap before GC invocations=10 (full 2):
 def new generation   total 17408K, used 10031K [0x03c60000, 0x04f40000, 0x091b0000)
  eden space 15488K,  59% used [0x03c60000, 0x04572bb0, 0x04b80000)
  from space 1920K,  38% used [0x04b80000, 0x04c391b0, 0x04d60000)
  to   space 1920K,   0% used [0x04d60000, 0x04d60000, 0x04f40000)
 tenured generation   total 38504K, used 34853K [0x091b0000, 0x0b74a000, 0x13c60000)
   the space 38504K,  90% used [0x091b0000, 0x0b3b96f8, 0x0b3b9800, 0x0b74a000)
 compacting perm gen  total 12288K, used 6700K [0x13c60000, 0x14860000, 0x17c60000)
   the space 12288K,  54% used [0x13c60000, 0x142eb028, 0x142eb200, 0x14860000)
No shared spaces configured.
Event: 1.910 GC heap after
Heap after GC invocations=11 (full 3):
 def new generation   total 29056K, used 0K [0x03c60000, 0x05be0000, 0x091b0000)
  eden space 25856K,   0% used [0x03c60000, 0x03c60000, 0x055a0000)
  from space 3200K,   0% used [0x055a0000, 0x055a0000, 0x058c0000)
  to   space 3200K,   0% used [0x058c0000, 0x058c0000, 0x05be0000)
 tenured generation   total 64452K, used 38669K [0x091b0000, 0x0d0a1000, 0x13c60000)
   the space 64452K,  59% used [0x091b0000, 0x0b773620, 0x0b773800, 0x0d0a1000)
 compacting perm gen  total 12288K, used 6700K [0x13c60000, 0x14860000, 0x17c60000)
   the space 12288K,  54% used [0x13c60000, 0x142eb028, 0x142eb200, 0x14860000)
No shared spaces configured.
}
Event: 2.043 GC heap before
{Heap before GC invocations=11 (full 3):
 def new generation   total 29056K, used 25856K [0x03c60000, 0x05be0000, 0x091b0000)
  eden space 25856K, 100% used [0x03c60000, 0x055a0000, 0x055a0000)
  from space 3200K,   0% used [0x055a0000, 0x055a0000, 0x058c0000)
  to   space 3200K,   0% used [0x058c0000, 0x058c0000, 0x05be0000)
 tenured generation   total 96448K, used 70661K [0x091b0000, 0x0efe0000, 0x13c60000)
   the space 96448K,  73% used [0x091b0000, 0x0d6b16f0, 0x0d6b1800, 0x0efe0000)
 compacting perm gen  total 12288K, used 6754K [0x13c60000, 0x14860000, 0x17c60000)
   the space 12288K,  54% used [0x13c60000, 0x142f8a38, 0x142f8c00, 0x14860000)
No shared spaces configured.
Event: 2.044 GC heap after
Heap after GC invocations=12 (full 3):
 def new generation   total 29056K, used 20K [0x03c60000, 0x05be0000, 0x091b0000)
  eden space 25856K,   0% used [0x03c60000, 0x03c60000, 0x055a0000)
  from space 3200K,   0% used [0x058c0000, 0x058c5200, 0x05be0000)
  to   space 3200K,   0% used [0x055a0000, 0x055a0000, 0x058c0000)
 tenured generation   total 96448K, used 70661K [0x091b0000, 0x0efe0000, 0x13c60000)
   the space 96448K,  73% used [0x091b0000, 0x0d6b16f0, 0x0d6b1800, 0x0efe0000)
 compacting perm gen  total 12288K, used 6754K [0x13c60000, 0x14860000, 0x17c60000)
   the space 12288K,  54% used [0x13c60000, 0x142f8a38, 0x142f8c00, 0x14860000)
No shared spaces configured.
}

