# JRE version: 7.0_25-b17
# Java VM: Java HotSpot(TM) Client VM (23.25-b01 mixed mode windows-x86 )
Heap
 def new generation   total 26112K, used 5947K [0x10010000, 0x11c60000, 0x15560000)
  eden space 23232K,  14% used [0x10010000, 0x1035ea88, 0x116c0000)
  from space 2880K,  88% used [0x116c0000, 0x119402b8, 0x11990000)
  to   space 2880K,   0% used [0x11990000, 0x11990000, 0x11c60000)
 tenured generation   total 89912K, used 71162K [0x15560000, 0x1ad2e000, 0x20010000)
   the space 89912K,  79% used [0x15560000, 0x19ade928, 0x19adea00, 0x1ad2e000)
 compacting perm gen  total 12288K, used 8809K [0x20010000, 0x20c10000, 0x24010000)
   the space 12288K,  71% used [0x20010000, 0x208aa700, 0x208aa800, 0x20c10000)
GC Heap History (10 events):
Event: 5.289 GC heap before
{Heap before GC invocations=9 (full 2):
 def new generation   total 7104K, used 6552K [0x10010000, 0x107c0000, 0x15560000)
  eden space 6336K, 100% used [0x10010000, 0x10640000, 0x10640000)
  from space 768K,  28% used [0x10700000, 0x107362c8, 0x107c0000)
  to   space 768K,   0% used [0x10640000, 0x10640000, 0x10700000)
 tenured generation   total 25916K, used 21449K [0x15560000, 0x16eaf000, 0x20010000)
   the space 25916K,  82% used [0x15560000, 0x16a526a8, 0x16a52800, 0x16eaf000)
 compacting perm gen  total 12288K, used 10637K [0x20010000, 0x20c10000, 0x24010000)
   the space 12288K,  86% used [0x20010000, 0x20a734d0, 0x20a73600, 0x20c10000)
No shared spaces configured.
Event: 5.291 GC heap after
Heap after GC invocations=10 (full 2):
 def new generation   total 7104K, used 216K [0x10010000, 0x107c0000, 0x15560000)
  eden space 6336K,   0% used [0x10010000, 0x10010000, 0x10640000)
  from space 768K,  28% used [0x10640000, 0x10676120, 0x10700000)
  to   space 768K,   0% used [0x10700000, 0x10700000, 0x107c0000)
 tenured generation   total 25916K, used 24931K [0x15560000, 0x16eaf000, 0x20010000)
   the space 25916K,  96% used [0x15560000, 0x16db8d88, 0x16db8e00, 0x16eaf000)
 compacting perm gen  total 12288K, used 10637K [0x20010000, 0x20c10000, 0x24010000)
   the space 12288K,  86% used [0x20010000, 0x20a734d0, 0x20a73600, 0x20c10000)
No shared spaces configured.
}
Event: 5.329 GC heap before
{Heap before GC invocations=10 (full 2):
 def new generation   total 7104K, used 6552K [0x10010000, 0x107c0000, 0x15560000)
  eden space 6336K, 100% used [0x10010000, 0x10640000, 0x10640000)
  from space 768K,  28% used [0x10640000, 0x10676120, 0x10700000)
  to   space 768K,   0% used [0x10700000, 0x10700000, 0x107c0000)
 tenured generation   total 25916K, used 24931K [0x15560000, 0x16eaf000, 0x20010000)
   the space 25916K,  96% used [0x15560000, 0x16db8d88, 0x16db8e00, 0x16eaf000)
 compacting perm gen  total 12288K, used 10637K [0x20010000, 0x20c10000, 0x24010000)
   the space 12288K,  86% used [0x20010000, 0x20a734d0, 0x20a73600, 0x20c10000)
No shared spaces configured.
Event: 5.348 GC heap after
Heap after GC invocations=11 (full 3):
 def new generation   total 22592K, used 0K [0x10010000, 0x11890000, 0x15560000)
  eden space 20096K,   0% used [0x10010000, 0x10010000, 0x113b0000)
  from space 2496K,   0% used [0x113b0000, 0x113b0000, 0x11620000)
  to   space 2496K,   0% used [0x11620000, 0x11620000, 0x11890000)
 tenured generation   total 50056K, used 30032K [0x15560000, 0x18642000, 0x20010000)
   the space 50056K,  59% used [0x15560000, 0x172b43f0, 0x172b4400, 0x18642000)
 compacting perm gen  total 12288K, used 10637K [0x20010000, 0x20c10000, 0x24010000)
   the space 12288K,  86% used [0x20010000, 0x20a734d0, 0x20a73600, 0x20c10000)
No shared spaces configured.
}
Event: 5.605 GC heap before
{Heap before GC invocations=11 (full 3):
 def new generation   total 22592K, used 11149K [0x10010000, 0x11890000, 0x15560000)
  eden space 20096K,  55% used [0x10010000, 0x10af3448, 0x113b0000)
  from space 2496K,   0% used [0x113b0000, 0x113b0000, 0x11620000)
  to   space 2496K,   0% used [0x11620000, 0x11620000, 0x11890000)
 tenured generation   total 50056K, used 30032K [0x15560000, 0x18642000, 0x20010000)
   the space 50056K,  59% used [0x15560000, 0x172b43f0, 0x172b4400, 0x18642000)
 compacting perm gen  total 12288K, used 10637K [0x20010000, 0x20c10000, 0x24010000)
   the space 12288K,  86% used [0x20010000, 0x20a734d0, 0x20a73600, 0x20c10000)
No shared spaces configured.
Event: 5.633 GC heap after
Heap after GC invocations=12 (full 4):
 def new generation   total 26112K, used 0K [0x10010000, 0x11c60000, 0x15560000)
  eden space 23232K,   0% used [0x10010000, 0x10010000, 0x116c0000)
  from space 2880K,   0% used [0x116c0000, 0x116c0000, 0x11990000)
  to   space 2880K,   0% used [0x11990000, 0x11990000, 0x11c60000)
 tenured generation   total 57916K, used 34748K [0x15560000, 0x18def000, 0x20010000)
   the space 57916K,  59% used [0x15560000, 0x1774f078, 0x1774f200, 0x18def000)
 compacting perm gen  total 12288K, used 8188K [0x20010000, 0x20c10000, 0x24010000)
   the space 12288K,  66% used [0x20010000, 0x2080f3e8, 0x2080f400, 0x20c10000)
No shared spaces configured.
}
Event: 5.752 GC heap before
{Heap before GC invocations=12 (full 4):
 def new generation   total 26112K, used 23229K [0x10010000, 0x11c60000, 0x15560000)
  eden space 23232K,  99% used [0x10010000, 0x116bf418, 0x116c0000)
  from space 2880K,   0% used [0x116c0000, 0x116c0000, 0x11990000)
  to   space 2880K,   0% used [0x11990000, 0x11990000, 0x11c60000)
 tenured generation   total 89912K, used 66740K [0x15560000, 0x1ad2e000, 0x20010000)
   the space 89912K,  74% used [0x15560000, 0x1968d148, 0x1968d200, 0x1ad2e000)
 compacting perm gen  total 12288K, used 8188K [0x20010000, 0x20c10000, 0x24010000)
   the space 12288K,  66% used [0x20010000, 0x2080f3e8, 0x2080f400, 0x20c10000)
No shared spaces configured.
Event: 5.752 GC heap after
Heap after GC invocations=13 (full 4):
 def new generation   total 26112K, used 0K [0x10010000, 0x11c60000, 0x15560000)
  eden space 23232K,   0% used [0x10010000, 0x10010000, 0x116c0000)
  from space 2880K,   0% used [0x11990000, 0x11990148, 0x11c60000)
  to   space 2880K,   0% used [0x116c0000, 0x116c0000, 0x11990000)
 tenured generation   total 89912K, used 66740K [0x15560000, 0x1ad2e000, 0x20010000)
   the space 89912K,  74% used [0x15560000, 0x1968d148, 0x1968d200, 0x1ad2e000)
 compacting perm gen  total 12288K, used 8188K [0x20010000, 0x20c10000, 0x24010000)
   the space 12288K,  66% used [0x20010000, 0x2080f3e8, 0x2080f400, 0x20c10000)
No shared spaces configured.
}
Event: 6.100 GC heap before
{Heap before GC invocations=13 (full 4):
 def new generation   total 26112K, used 23232K [0x10010000, 0x11c60000, 0x15560000)
  eden space 23232K, 100% used [0x10010000, 0x116c0000, 0x116c0000)
  from space 2880K,   0% used [0x11990000, 0x11990148, 0x11c60000)
  to   space 2880K,   0% used [0x116c0000, 0x116c0000, 0x11990000)
 tenured generation   total 89912K, used 66740K [0x15560000, 0x1ad2e000, 0x20010000)
   the space 89912K,  74% used [0x15560000, 0x1968d148, 0x1968d200, 0x1ad2e000)
 compacting perm gen  total 12288K, used 8470K [0x20010000, 0x20c10000, 0x24010000)
   the space 12288K,  68% used [0x20010000, 0x20855a50, 0x20855c00, 0x20c10000)
No shared spaces configured.
Event: 6.104 GC heap after
Heap after GC invocations=14 (full 4):
 def new generation   total 26112K, used 2560K [0x10010000, 0x11c60000, 0x15560000)
  eden space 23232K,   0% used [0x10010000, 0x10010000, 0x116c0000)
  from space 2880K,  88% used [0x116c0000, 0x119402b8, 0x11990000)
  to   space 2880K,   0% used [0x11990000, 0x11990000, 0x11c60000)
 tenured generation   total 89912K, used 71162K [0x15560000, 0x1ad2e000, 0x20010000)
   the space 89912K,  79% used [0x15560000, 0x19ade928, 0x19adea00, 0x1ad2e000)
 compacting perm gen  total 12288K, used 8470K [0x20010000, 0x20c10000, 0x24010000)
   the space 12288K,  68% used [0x20010000, 0x20855a50, 0x20855c00, 0x20c10000)
No shared spaces configured.
}

